<?xml version="1.0" encoding="UTF-8"?>
<testng-results ignored="0" total="4" passed="4" failed="0" skipped="0">
  <reporter-output>
    <line>
      <![CDATA[Url is matching and Test Case Pass]]>
    </line>
    <line>
      <![CDATA[Title is matching and Test case pass]]>
    </line>
    <line>
      <![CDATA[Title is Matching and Test case pass]]>
    </line>
    <line>
      <![CDATA[Error msg display test case pass ]]>
    </line>
  </reporter-output>
  <suite started-at="2023-09-15T18:05:20 GMT-04:00" name="Default suite" finished-at="2023-09-15T18:05:30 GMT-04:00" duration-ms="10019">
    <groups>
    </groups>
    <test started-at="2023-09-15T18:05:20 GMT-04:00" name="Default test" finished-at="2023-09-15T18:05:30 GMT-04:00" duration-ms="10019">
      <class name="test.LoginPageTest">
        <test-method is-config="true" signature="launchBrowser()[pri:0, instance:test.LoginPageTest@402c4085]" started-at="2023-09-15T18:05:02 GMT-04:00" name="launchBrowser" finished-at="2023-09-15T18:05:20 GMT-04:00" duration-ms="18247" status="PASS">
          <reporter-output>
          </reporter-output>
        </test-method> <!-- launchBrowser -->
        <test-method is-config="true" signature="pageObjects()[pri:0, instance:test.LoginPageTest@402c4085]" started-at="2023-09-15T18:05:21 GMT-04:00" name="pageObjects" finished-at="2023-09-15T18:05:21 GMT-04:00" duration-ms="58" status="PASS">
          <reporter-output>
          </reporter-output>
        </test-method> <!-- pageObjects -->
        <test-method signature="validateUrlOfPage()[pri:0, instance:test.LoginPageTest@402c4085]" started-at="2023-09-15T18:05:21 GMT-04:00" name="validateUrlOfPage" finished-at="2023-09-15T18:05:21 GMT-04:00" duration-ms="18" status="PASS">
          <reporter-output>
            <line>
              <![CDATA[Url is matching and Test Case Pass]]>
            </line>
          </reporter-output>
        </test-method> <!-- validateUrlOfPage -->
        <test-method signature="validateTitleOfPage()[pri:1, instance:test.LoginPageTest@402c4085]" started-at="2023-09-15T18:05:21 GMT-04:00" name="validateTitleOfPage" finished-at="2023-09-15T18:05:21 GMT-04:00" duration-ms="11" status="PASS">
          <reporter-output>
            <line>
              <![CDATA[Title is matching and Test case pass]]>
            </line>
          </reporter-output>
        </test-method> <!-- validateTitleOfPage -->
        <test-method signature="validateLoginWithPositiveData()[pri:2, instance:test.LoginPageTest@402c4085]" started-at="2023-09-15T18:05:21 GMT-04:00" name="validateLoginWithPositiveData" finished-at="2023-09-15T18:05:26 GMT-04:00" duration-ms="5734" status="PASS">
          <reporter-output>
            <line>
              <![CDATA[Title is Matching and Test case pass]]>
            </line>
          </reporter-output>
        </test-method> <!-- validateLoginWithPositiveData -->
        <test-method signature="validateLoginWithNegativeData()[pri:3, instance:test.LoginPageTest@402c4085]" started-at="2023-09-15T18:05:26 GMT-04:00" name="validateLoginWithNegativeData" finished-at="2023-09-15T18:05:30 GMT-04:00" duration-ms="4152" status="PASS">
          <reporter-output>
            <line>
              <![CDATA[Error msg display test case pass ]]>
            </line>
          </reporter-output>
        </test-method> <!-- validateLoginWithNegativeData -->
        <test-method is-config="true" signature="tearDown()[pri:0, instance:test.LoginPageTest@402c4085]" started-at="2023-09-15T18:05:31 GMT-04:00" name="tearDown" finished-at="2023-09-15T18:05:45 GMT-04:00" duration-ms="14022" status="PASS">
          <reporter-output>
          </reporter-output>
        </test-method> <!-- tearDown -->
      </class> <!-- test.LoginPageTest -->
    </test> <!-- Default test -->
  </suite> <!-- Default suite -->
</testng-results>
