<?xml version="1.0" encoding="UTF-8"?>
<testng-results ignored="0" total="0" passed="0" failed="0" skipped="0">
  <reporter-output>
  </reporter-output>
  <suite started-at="2023-09-14T17:37:54 GMT-04:00" name="Default suite" finished-at="2023-09-14T17:37:54 GMT-04:00" duration-ms="21">
    <groups>
    </groups>
    <test started-at="2023-09-14T17:37:54 GMT-04:00" name="Default test" finished-at="2023-09-14T17:37:54 GMT-04:00" duration-ms="21">
      <class name="main.BaseTest">
        <test-method is-config="true" signature="launchBrowser()[pri:0, instance:main.BaseTest@6bbe85a8]" started-at="2023-09-14T17:37:44 GMT-04:00" name="launchBrowser" finished-at="2023-09-14T17:37:54 GMT-04:00" duration-ms="10264" status="PASS">
          <reporter-output>
          </reporter-output>
        </test-method> <!-- launchBrowser -->
        <test-method is-config="true" signature="tearDown()[pri:0, instance:main.BaseTest@6bbe85a8]" started-at="2023-09-14T17:37:54 GMT-04:00" name="tearDown" finished-at="2023-09-14T17:37:55 GMT-04:00" duration-ms="658" status="PASS">
          <reporter-output>
          </reporter-output>
        </test-method> <!-- tearDown -->
      </class> <!-- main.BaseTest -->
    </test> <!-- Default test -->
  </suite> <!-- Default suite -->
</testng-results>
