<?xml version="1.0" encoding="UTF-8"?>
<!-- Generated by org.testng.reporters.JUnitXMLReporter -->
<testsuite ignored="0" hostname="INFOSEUM33" failures="0" tests="4" name="Default test" time="10.019" errors="0" timestamp="2023-09-15T18:05:31 GMT-04:00">
  <testcase classname="test.LoginPageTest" name="validateUrlOfPage" time="0.018"/>
  <testcase classname="test.LoginPageTest" name="validateTitleOfPage" time="0.011"/>
  <testcase classname="test.LoginPageTest" name="validateLoginWithPositiveData" time="5.734"/>
  <testcase classname="test.LoginPageTest" name="validateLoginWithNegativeData" time="4.152"/>
</testsuite> <!-- Default test -->
